<?xml version="1.0" encoding="UTF-8"?>
<testng-results ignored="0" total="2" passed="2" failed="0" skipped="0">
  <reporter-output>
  </reporter-output>
  <suite started-at="2024-03-12T08:31:41 IST" name="Suite" finished-at="2024-03-12T08:32:19 IST" duration-ms="38277">
    <groups>
    </groups>
    <test started-at="2024-03-12T08:31:41 IST" name="Testchrome" finished-at="2024-03-12T08:31:55 IST" duration-ms="14038">
      <class name="automationtest.Test01">
        <test-method is-config="true" signature="setup(java.lang.String)[pri:0, instance:automationtest.Test01@402bba4f]" started-at="2024-03-12T08:31:41 IST" name="setup" finished-at="2024-03-12T08:31:45 IST" duration-ms="4535" status="PASS">
          <params>
            <param index="0">
              <value>
                <![CDATA[chrome]]>
              </value>
            </param>
          </params>
          <reporter-output>
          </reporter-output>
        </test-method> <!-- setup -->
        <test-method is-config="true" signature="url()[pri:0, instance:automationtest.Test01@402bba4f]" started-at="2024-03-12T08:31:45 IST" name="url" finished-at="2024-03-12T08:31:49 IST" duration-ms="3726" status="PASS">
          <reporter-output>
          </reporter-output>
        </test-method> <!-- url -->
        <test-method signature="test(java.lang.String)[pri:0, instance:automationtest.Test01@402bba4f]" started-at="2024-03-12T08:31:49 IST" name="test" finished-at="2024-03-12T08:31:55 IST" duration-ms="5717" status="PASS">
          <params>
            <param index="0">
              <value>
                <![CDATA[chrome]]>
              </value>
            </param>
          </params>
          <reporter-output>
          </reporter-output>
        </test-method> <!-- test -->
      </class> <!-- automationtest.Test01 -->
    </test> <!-- Testchrome -->
    <test started-at="2024-03-12T08:31:55 IST" name="Testfirefox" finished-at="2024-03-12T08:32:19 IST" duration-ms="24142">
      <class name="automationtest.Test01">
        <test-method is-config="true" signature="setup(java.lang.String)[pri:0, instance:automationtest.Test01@16293aa2]" started-at="2024-03-12T08:31:55 IST" name="setup" finished-at="2024-03-12T08:32:02 IST" duration-ms="7673" status="PASS">
          <params>
            <param index="0">
              <value>
                <![CDATA[firefox]]>
              </value>
            </param>
          </params>
          <reporter-output>
          </reporter-output>
        </test-method> <!-- setup -->
        <test-method is-config="true" signature="url()[pri:0, instance:automationtest.Test01@16293aa2]" started-at="2024-03-12T08:32:02 IST" name="url" finished-at="2024-03-12T08:32:06 IST" duration-ms="3549" status="PASS">
          <reporter-output>
          </reporter-output>
        </test-method> <!-- url -->
        <test-method signature="test(java.lang.String)[pri:0, instance:automationtest.Test01@16293aa2]" started-at="2024-03-12T08:32:06 IST" name="test" finished-at="2024-03-12T08:32:19 IST" duration-ms="12909" status="PASS">
          <params>
            <param index="0">
              <value>
                <![CDATA[firefox]]>
              </value>
            </param>
          </params>
          <reporter-output>
          </reporter-output>
        </test-method> <!-- test -->
      </class> <!-- automationtest.Test01 -->
    </test> <!-- Testfirefox -->
  </suite> <!-- Suite -->
</testng-results>
